<?xml version="1.0" encoding="UTF-8"?>
<!-- Generated by org.testng.reporters.JUnitReportReporter -->
<testsuite hostname="PSL-1T9GDN3" failures="0" tests="2" name="com.test.MarketPlace_test" time="104.265" errors="0" timestamp="2022-10-06T11:41:38 IST" skipped="0">
  <testcase classname="com.test.MarketPlace_test" name="search" time="53.969"/>
  <system-out/>
  <testcase classname="com.test.MarketPlace_test" name="buy_function" time="50.296"/>
  <system-out/>
</testsuite> <!-- com.test.MarketPlace_test -->
