<?xml version="1.0" encoding="UTF-8"?>
<!-- Generated by org.testng.reporters.JUnitReportReporter -->
<testsuite hostname="PSL-1T9GDN3" failures="0" tests="6" name="com.test.Resources_test" time="246.080" errors="0" timestamp="2022-10-06T11:41:38 IST" skipped="0">
  <testcase classname="com.test.Resources_test" name="showcase" time="26.930"/>
  <system-out/>
  <testcase classname="com.test.Resources_test" name="contactUs" time="28.358"/>
  <system-out/>
  <testcase classname="com.test.Resources_test" name="partners" time="28.057"/>
  <system-out/>
  <testcase classname="com.test.Resources_test" name="Books" time="44.918"/>
  <system-out/>
  <testcase classname="com.test.Resources_test" name="git_bug_tracker" time="54.591"/>
  <system-out/>
  <testcase classname="com.test.Resources_test" name="forums" time="63.226"/>
  <system-out/>
</testsuite> <!-- com.test.Resources_test -->
