<?xml version="1.0" encoding="UTF-8"?>
<!-- Generated by org.testng.reporters.JUnitReportReporter -->
<testsuite hostname="PSL-1T9GDN3" failures="0" tests="3" name="com.test.Register_test" time="117.943" errors="0" timestamp="2022-10-06T11:41:38 IST" skipped="0">
  <testcase classname="com.test.Register_test" name="RegisterValid" time="39.861"/>
  <system-out/>
  <testcase classname="com.test.Register_test" name="RegisterInValid" time="38.953"/>
  <system-out/>
  <testcase classname="com.test.Register_test" name="RegisterEmptyField" time="39.129"/>
  <system-out/>
</testsuite> <!-- com.test.Register_test -->
