<?xml version="1.0" encoding="UTF-8"?>
<!-- Generated by org.testng.reporters.JUnitReportReporter -->
<testsuite hostname="PSL-1T9GDN3" failures="0" tests="2" name="com.test.Download_test" time="65.883" errors="0" timestamp="2022-10-06T11:41:38 IST" skipped="0">
  <testcase classname="com.test.Download_test" name="testDwn" time="35.127"/>
  <system-out/>
  <testcase classname="com.test.Download_test" name="addExtension" time="30.756"/>
  <system-out/>
</testsuite> <!-- com.test.Download_test -->
