<?xml version="1.0" encoding="UTF-8"?>
<!-- Generated by org.testng.reporters.JUnitReportReporter -->
<testsuite hostname="PSL-1T9GDN3" failures="0" tests="3" name="com.test.Login_test" time="52.562" errors="0" timestamp="2022-10-06T11:41:38 IST" skipped="0">
  <testcase classname="com.test.Login_test" name="TestCase1" time="19.125"/>
  <system-out/>
  <testcase classname="com.test.Login_test" name="TestCase2" time="14.908"/>
  <system-out/>
  <testcase classname="com.test.Login_test" name="TestCase3" time="18.529"/>
  <system-out/>
</testsuite> <!-- com.test.Login_test -->
