<?xml version="1.0" encoding="UTF-8"?>
<!-- Generated by org.testng.reporters.JUnitReportReporter -->
<testsuite hostname="PSL-1T9GDN3" failures="0" tests="3" name="com.test.Features_test" time="114.828" errors="0" timestamp="2022-10-06T11:41:38 IST" skipped="0">
  <testcase classname="com.test.Features_test" name="Read" time="71.809"/>
  <system-out/>
  <testcase classname="com.test.Features_test" name="newsletterValid" time="22.475"/>
  <system-out/>
  <testcase classname="com.test.Features_test" name="newsletterInvalid" time="20.544"/>
  <system-out/>
</testsuite> <!-- com.test.Features_test -->
