<?xml version="1.0" encoding="UTF-8"?>
<!-- Generated by org.testng.reporters.JUnitReportReporter -->
<testsuite hostname="PSL-1T9GDN3" failures="0" tests="2" name="com.test.Blog_test" time="33.494" errors="0" timestamp="2022-10-06T11:41:38 IST" skipped="0">
  <testcase classname="com.test.Blog_test" name="Read" time="23.431"/>
  <system-out/>
  <testcase classname="com.test.Blog_test" name="trendingRead" time="10.063"/>
  <system-out/>
</testsuite> <!-- com.test.Blog_test -->
